
> frontend@0.0.0 dev
> vite --host


  VITE v4.4.9  ready in 576 ms

  ➜  Local:   http://localhost:10000/
  ➜  Network: http://10.162.0.2:10000/

> frontend@0.0.0 dev
> vite --host

Port 3030 is in use, trying another one...

  VITE v4.4.9  ready in 574 ms

  ➜  Local:   http://localhost:3031/
  ➜  Network: http://10.162.0.2:3031/

> frontend@0.0.0 dev
> vite --host


  VITE v4.4.9  ready in 574 ms

  ➜  Local:   http://localhost:3030/
  ➜  Network: http://10.162.0.2:3030/
10:38:48 PM [vite] hmr update /src/pages/characterCreation/CharacterCreation.tsx, /src/index.css
10:39:13 PM [vite] hmr update /src/pages/characterCreation/CharacterCreation.tsx, /src/index.css
10:39:40 PM [vite] hmr update /src/pages/login/Login.tsx, /src/index.css
10:40:13 PM [vite] hmr update /src/pages/payments/Payments.tsx, /src/index.css
10:40:37 PM [vite] hmr update /src/pages/characterCreation/CharacterCreation.tsx, /src/index.css
10:41:43 PM [vite] hmr update /src/pages/characterCreation/CharacterCreation.tsx, /src/index.css
10:41:43 PM [vite] hmr update /src/pages/characterCreation/CharacterCreation.tsx, /src/index.css

> frontend@0.0.0 dev
> vite --host


  VITE v4.4.9  ready in 561 ms

  ➜  Local:   http://localhost:3030/
  ➜  Network: http://10.162.0.2:3030/

> frontend@0.0.0 dev
> vite --host


  VITE v4.4.9  ready in 560 ms

  ➜  Local:   http://localhost:3030/
  ➜  Network: http://10.162.0.2:3030/
11:24:16 PM [vite] hmr update /src/pages/login/Login.tsx, /src/index.css

> frontend@0.0.0 dev
> vite --host


  VITE v4.4.9  ready in 543 ms

  ➜  Local:   http://localhost:3030/
  ➜  Network: http://10.162.0.2:3030/
11:37:02 PM [vite] hmr update /src/pages/login/Login.tsx, /src/index.css
11:38:14 PM [vite] hmr update /src/pages/characterCreation/CharacterCreation.tsx, /src/index.css
11:38:34 PM [vite] hmr update /src/pages/characterCreation/CharacterCreation.tsx, /src/index.css
11:38:59 PM [vite] hmr update /src/pages/payments/Payments.tsx, /src/index.css
11:39:18 PM [vite] hmr update /src/pages/characterCreation/CharacterCreation.tsx, /src/index.css

> frontend@0.0.0 dev
> vite --host


  VITE v4.4.9  ready in 552 ms

  ➜  Local:   http://localhost:3030/
  ➜  Network: http://10.162.0.2:3030/
